<?xml version="1.0" encoding="UTF-8"?>
<coverage generated="1557713435680" clover="3.2.0">
  <project timestamp="1557713435680" name="All files">
    <metrics statements="91" coveredstatements="91" conditionals="32" coveredconditionals="32" methods="12" coveredmethods="12" elements="135" coveredelements="135" complexity="0" loc="91" ncloc="91" packages="1" files="2" classes="2"/>
    <file name="constants.js" path="/Users/dominic/Documents/Github/data-models/src/SingleLinkedList/constants.js">
      <metrics statements="7" coveredstatements="7" conditionals="0" coveredconditionals="0" methods="0" coveredmethods="0"/>
      <line num="1" count="1" type="stmt"/>
      <line num="2" count="1" type="stmt"/>
      <line num="3" count="1" type="stmt"/>
      <line num="4" count="1" type="stmt"/>
      <line num="5" count="1" type="stmt"/>
      <line num="6" count="1" type="stmt"/>
      <line num="7" count="1" type="stmt"/>
    </file>
    <file name="index.js" path="/Users/dominic/Documents/Github/data-models/src/SingleLinkedList/index.js">
      <metrics statements="84" coveredstatements="84" conditionals="32" coveredconditionals="32" methods="12" coveredmethods="12"/>
      <line num="5" count="22" type="stmt"/>
      <line num="6" count="22" type="stmt"/>
      <line num="12" count="14" type="stmt"/>
      <line num="16" count="1" type="stmt"/>
      <line num="17" count="1" type="stmt"/>
      <line num="19" count="1" type="stmt"/>
      <line num="20" count="5" type="cond" truecount="2" falsecount="0"/>
      <line num="21" count="5" type="stmt"/>
      <line num="22" count="5" type="stmt"/>
      <line num="25" count="1" type="stmt"/>
      <line num="29" count="17" type="stmt"/>
      <line num="30" count="17" type="stmt"/>
      <line num="32" count="17" type="cond" truecount="2" falsecount="0"/>
      <line num="33" count="1" type="stmt"/>
      <line num="34" count="16" type="cond" truecount="2" falsecount="0"/>
      <line num="35" count="1" type="stmt"/>
      <line num="38" count="15" type="cond" truecount="2" falsecount="0"/>
      <line num="39" count="7" type="stmt"/>
      <line num="40" count="7" type="stmt"/>
      <line num="43" count="15" type="cond" truecount="2" falsecount="0"/>
      <line num="44" count="1" type="stmt"/>
      <line num="47" count="14" type="stmt"/>
      <line num="51" count="46" type="stmt"/>
      <line num="55" count="19" type="stmt"/>
      <line num="56" count="19" type="stmt"/>
      <line num="58" count="19" type="stmt"/>
      <line num="59" count="24" type="stmt"/>
      <line num="60" count="24" type="stmt"/>
      <line num="63" count="19" type="stmt"/>
      <line num="67" count="10" type="cond" truecount="2" falsecount="0"/>
      <line num="68" count="5" type="stmt"/>
      <line num="69" count="5" type="stmt"/>
      <line num="72" count="5" type="stmt"/>
      <line num="73" count="5" type="stmt"/>
      <line num="74" count="5" type="stmt"/>
      <line num="78" count="11" type="cond" truecount="2" falsecount="0"/>
      <line num="79" count="5" type="stmt"/>
      <line num="80" count="5" type="stmt"/>
      <line num="83" count="6" type="stmt"/>
      <line num="84" count="6" type="stmt"/>
      <line num="85" count="1" type="stmt"/>
      <line num="88" count="6" type="stmt"/>
      <line num="92" count="4" type="cond" truecount="2" falsecount="0"/>
      <line num="93" count="1" type="stmt"/>
      <line num="96" count="3" type="cond" truecount="2" falsecount="0"/>
      <line num="97" count="1" type="stmt"/>
      <line num="98" count="1" type="stmt"/>
      <line num="101" count="2" type="stmt"/>
      <line num="102" count="2" type="stmt"/>
      <line num="103" count="2" type="stmt"/>
      <line num="105" count="2" type="stmt"/>
      <line num="106" count="2" type="cond" truecount="2" falsecount="0"/>
      <line num="107" count="1" type="stmt"/>
      <line num="109" count="1" type="stmt"/>
      <line num="110" count="1" type="stmt"/>
      <line num="111" count="1" type="stmt"/>
      <line num="114" count="1" type="stmt"/>
      <line num="115" count="1" type="stmt"/>
      <line num="116" count="1" type="stmt"/>
      <line num="120" count="5" type="cond" truecount="2" falsecount="0"/>
      <line num="121" count="4" type="stmt"/>
      <line num="122" count="4" type="stmt"/>
      <line num="126" count="2" type="cond" truecount="2" falsecount="0"/>
      <line num="127" count="1" type="stmt"/>
      <line num="128" count="1" type="stmt"/>
      <line num="129" count="1" type="cond" truecount="2" falsecount="0"/>
      <line num="130" count="1" type="stmt"/>
      <line num="131" count="1" type="stmt"/>
      <line num="133" count="1" type="stmt"/>
      <line num="137" count="4" type="cond" truecount="2" falsecount="0"/>
      <line num="138" count="1" type="stmt"/>
      <line num="141" count="3" type="cond" truecount="2" falsecount="0"/>
      <line num="142" count="1" type="stmt"/>
      <line num="143" count="1" type="stmt"/>
      <line num="146" count="2" type="stmt"/>
      <line num="147" count="2" type="stmt"/>
      <line num="148" count="2" type="stmt"/>
      <line num="150" count="2" type="stmt"/>
      <line num="151" count="2" type="cond" truecount="2" falsecount="0"/>
      <line num="152" count="1" type="stmt"/>
      <line num="154" count="1" type="stmt"/>
      <line num="155" count="1" type="stmt"/>
      <line num="156" count="1" type="stmt"/>
      <line num="159" count="1" type="stmt"/>
    </file>
  </project>
</coverage>
