{"/Users/dominic/Documents/Github/data-models/src/SingleLinkedList/constants.js": {"path":"/Users/dominic/Documents/Github/data-models/src/SingleLinkedList/constants.js","statementMap":{"0":{"start":{"line":1,"column":33},"end":{"line":1,"column":60}},"1":{"start":{"line":2,"column":38},"end":{"line":2,"column":87}},"2":{"start":{"line":3,"column":37},"end":{"line":3,"column":87}},"3":{"start":{"line":4,"column":36},"end":{"line":4,"column":81}},"4":{"start":{"line":5,"column":35},"end":{"line":5,"column":104}},"5":{"start":{"line":6,"column":39},"end":{"line":6,"column":92}},"6":{"start":{"line":7,"column":38},"end":{"line":7,"column":110}}},"fnMap":{},"branchMap":{},"s":{"0":1,"1":1,"2":1,"3":1,"4":1,"5":1,"6":1},"f":{},"b":{},"_coverageSchema":"43e27e138ebf9cfc5966b082cf9a028302ed4184","hash":"2a98f2dac11e1f2a7da7dc48727c9aa4d2fd4f57"}
,"/Users/dominic/Documents/Github/data-models/src/SingleLinkedList/index.js": {"path":"/Users/dominic/Documents/Github/data-models/src/SingleLinkedList/index.js","statementMap":{"0":{"start":{"line":5,"column":4},"end":{"line":5,"column":21}},"1":{"start":{"line":6,"column":4},"end":{"line":6,"column":22}},"2":{"start":{"line":12,"column":4},"end":{"line":12,"column":21}},"3":{"start":{"line":16,"column":22},"end":{"line":16,"column":31}},"4":{"start":{"line":17,"column":12},"end":{"line":17,"column":14}},"5":{"start":{"line":19,"column":4},"end":{"line":23,"column":5}},"6":{"start":{"line":20,"column":6},"end":{"line":20,"column":120}},"7":{"start":{"line":21,"column":6},"end":{"line":21,"column":33}},"8":{"start":{"line":22,"column":6},"end":{"line":22,"column":38}},"9":{"start":{"line":25,"column":4},"end":{"line":25,"column":15}},"10":{"start":{"line":29,"column":22},"end":{"line":29,"column":31}},"11":{"start":{"line":30,"column":14},"end":{"line":30,"column":15}},"12":{"start":{"line":32,"column":4},"end":{"line":36,"column":5}},"13":{"start":{"line":33,"column":6},"end":{"line":33,"column":41}},"14":{"start":{"line":34,"column":11},"end":{"line":36,"column":5}},"15":{"start":{"line":35,"column":6},"end":{"line":35,"column":46}},"16":{"start":{"line":38,"column":4},"end":{"line":41,"column":5}},"17":{"start":{"line":39,"column":6},"end":{"line":39,"column":38}},"18":{"start":{"line":40,"column":6},"end":{"line":40,"column":14}},"19":{"start":{"line":43,"column":4},"end":{"line":45,"column":5}},"20":{"start":{"line":44,"column":6},"end":{"line":44,"column":45}},"21":{"start":{"line":47,"column":4},"end":{"line":47,"column":28}},"22":{"start":{"line":51,"column":4},"end":{"line":51,"column":30}},"23":{"start":{"line":55,"column":22},"end":{"line":55,"column":31}},"24":{"start":{"line":56,"column":14},"end":{"line":56,"column":15}},"25":{"start":{"line":58,"column":4},"end":{"line":61,"column":5}},"26":{"start":{"line":59,"column":6},"end":{"line":59,"column":38}},"27":{"start":{"line":60,"column":6},"end":{"line":60,"column":14}},"28":{"start":{"line":63,"column":4},"end":{"line":63,"column":17}},"29":{"start":{"line":67,"column":4},"end":{"line":70,"column":5}},"30":{"start":{"line":68,"column":6},"end":{"line":68,"column":34}},"31":{"start":{"line":69,"column":6},"end":{"line":69,"column":13}},"32":{"start":{"line":72,"column":20},"end":{"line":72,"column":35}},"33":{"start":{"line":73,"column":4},"end":{"line":73,"column":30}},"34":{"start":{"line":74,"column":4},"end":{"line":74,"column":24}},"35":{"start":{"line":78,"column":4},"end":{"line":81,"column":5}},"36":{"start":{"line":79,"column":6},"end":{"line":79,"column":34}},"37":{"start":{"line":80,"column":6},"end":{"line":80,"column":13}},"38":{"start":{"line":83,"column":22},"end":{"line":83,"column":31}},"39":{"start":{"line":84,"column":4},"end":{"line":86,"column":5}},"40":{"start":{"line":85,"column":6},"end":{"line":85,"column":38}},"41":{"start":{"line":88,"column":4},"end":{"line":88,"column":40}},"42":{"start":{"line":92,"column":4},"end":{"line":94,"column":5}},"43":{"start":{"line":93,"column":6},"end":{"line":93,"column":44}},"44":{"start":{"line":96,"column":4},"end":{"line":99,"column":5}},"45":{"start":{"line":97,"column":6},"end":{"line":97,"column":30}},"46":{"start":{"line":98,"column":6},"end":{"line":98,"column":13}},"47":{"start":{"line":101,"column":22},"end":{"line":101,"column":31}},"48":{"start":{"line":102,"column":17},"end":{"line":102,"column":21}},"49":{"start":{"line":103,"column":14},"end":{"line":103,"column":15}},"50":{"start":{"line":105,"column":4},"end":{"line":112,"column":5}},"51":{"start":{"line":106,"column":6},"end":{"line":108,"column":7}},"52":{"start":{"line":107,"column":8},"end":{"line":107,"column":45}},"53":{"start":{"line":109,"column":6},"end":{"line":109,"column":29}},"54":{"start":{"line":110,"column":6},"end":{"line":110,"column":38}},"55":{"start":{"line":111,"column":6},"end":{"line":111,"column":14}},"56":{"start":{"line":114,"column":20},"end":{"line":114,"column":35}},"57":{"start":{"line":115,"column":4},"end":{"line":115,"column":32}},"58":{"start":{"line":116,"column":4},"end":{"line":116,"column":29}},"59":{"start":{"line":120,"column":4},"end":{"line":120,"column":29}},"60":{"start":{"line":120,"column":22},"end":{"line":120,"column":29}},"61":{"start":{"line":121,"column":22},"end":{"line":121,"column":31}},"62":{"start":{"line":122,"column":4},"end":{"line":122,"column":34}},"63":{"start":{"line":126,"column":4},"end":{"line":126,"column":29}},"64":{"start":{"line":126,"column":22},"end":{"line":126,"column":29}},"65":{"start":{"line":127,"column":22},"end":{"line":127,"column":31}},"66":{"start":{"line":128,"column":17},"end":{"line":128,"column":21}},"67":{"start":{"line":129,"column":4},"end":{"line":132,"column":5}},"68":{"start":{"line":130,"column":6},"end":{"line":130,"column":29}},"69":{"start":{"line":131,"column":6},"end":{"line":131,"column":38}},"70":{"start":{"line":133,"column":4},"end":{"line":133,"column":26}},"71":{"start":{"line":137,"column":4},"end":{"line":139,"column":5}},"72":{"start":{"line":138,"column":6},"end":{"line":138,"column":47}},"73":{"start":{"line":141,"column":4},"end":{"line":144,"column":5}},"74":{"start":{"line":142,"column":6},"end":{"line":142,"column":30}},"75":{"start":{"line":143,"column":6},"end":{"line":143,"column":13}},"76":{"start":{"line":146,"column":22},"end":{"line":146,"column":31}},"77":{"start":{"line":147,"column":17},"end":{"line":147,"column":21}},"78":{"start":{"line":148,"column":14},"end":{"line":148,"column":15}},"79":{"start":{"line":150,"column":4},"end":{"line":157,"column":5}},"80":{"start":{"line":151,"column":6},"end":{"line":153,"column":7}},"81":{"start":{"line":152,"column":8},"end":{"line":152,"column":48}},"82":{"start":{"line":154,"column":6},"end":{"line":154,"column":29}},"83":{"start":{"line":155,"column":6},"end":{"line":155,"column":38}},"84":{"start":{"line":156,"column":6},"end":{"line":156,"column":14}},"85":{"start":{"line":159,"column":4},"end":{"line":159,"column":39}}},"fnMap":{"0":{"name":"(anonymous_0)","decl":{"start":{"line":4,"column":2},"end":{"line":4,"column":3}},"loc":{"start":{"line":4,"column":20},"end":{"line":7,"column":3}},"line":4},"1":{"name":"(anonymous_1)","decl":{"start":{"line":11,"column":2},"end":{"line":11,"column":3}},"loc":{"start":{"line":11,"column":16},"end":{"line":13,"column":3}},"line":11},"2":{"name":"(anonymous_2)","decl":{"start":{"line":15,"column":2},"end":{"line":15,"column":3}},"loc":{"start":{"line":15,"column":14},"end":{"line":26,"column":3}},"line":15},"3":{"name":"(anonymous_3)","decl":{"start":{"line":28,"column":2},"end":{"line":28,"column":3}},"loc":{"start":{"line":28,"column":23},"end":{"line":48,"column":3}},"line":28},"4":{"name":"(anonymous_4)","decl":{"start":{"line":50,"column":2},"end":{"line":50,"column":3}},"loc":{"start":{"line":50,"column":10},"end":{"line":52,"column":3}},"line":50},"5":{"name":"(anonymous_5)","decl":{"start":{"line":54,"column":2},"end":{"line":54,"column":3}},"loc":{"start":{"line":54,"column":11},"end":{"line":64,"column":3}},"line":54},"6":{"name":"(anonymous_6)","decl":{"start":{"line":66,"column":2},"end":{"line":66,"column":3}},"loc":{"start":{"line":66,"column":21},"end":{"line":75,"column":3}},"line":66},"7":{"name":"(anonymous_7)","decl":{"start":{"line":77,"column":2},"end":{"line":77,"column":3}},"loc":{"start":{"line":77,"column":19},"end":{"line":89,"column":3}},"line":77},"8":{"name":"(anonymous_8)","decl":{"start":{"line":91,"column":2},"end":{"line":91,"column":3}},"loc":{"start":{"line":91,"column":37},"end":{"line":117,"column":3}},"line":91},"9":{"name":"(anonymous_9)","decl":{"start":{"line":119,"column":2},"end":{"line":119,"column":3}},"loc":{"start":{"line":119,"column":16},"end":{"line":123,"column":3}},"line":119},"10":{"name":"(anonymous_10)","decl":{"start":{"line":125,"column":2},"end":{"line":125,"column":3}},"loc":{"start":{"line":125,"column":14},"end":{"line":134,"column":3}},"line":125},"11":{"name":"(anonymous_11)","decl":{"start":{"line":136,"column":2},"end":{"line":136,"column":3}},"loc":{"start":{"line":136,"column":30},"end":{"line":160,"column":3}},"line":136}},"branchMap":{"0":{"loc":{"start":{"line":20,"column":54},"end":{"line":20,"column":116}},"type":"cond-expr","locations":[{"start":{"line":20,"column":74},"end":{"line":20,"column":96}},{"start":{"line":20,"column":99},"end":{"line":20,"column":116}}],"line":20},"1":{"loc":{"start":{"line":32,"column":4},"end":{"line":36,"column":5}},"type":"if","locations":[{"start":{"line":32,"column":4},"end":{"line":36,"column":5}},{"start":{"line":32,"column":4},"end":{"line":36,"column":5}}],"line":32},"2":{"loc":{"start":{"line":34,"column":11},"end":{"line":36,"column":5}},"type":"if","locations":[{"start":{"line":34,"column":11},"end":{"line":36,"column":5}},{"start":{"line":34,"column":11},"end":{"line":36,"column":5}}],"line":34},"3":{"loc":{"start":{"line":38,"column":11},"end":{"line":38,"column":35}},"type":"binary-expr","locations":[{"start":{"line":38,"column":11},"end":{"line":38,"column":22}},{"start":{"line":38,"column":26},"end":{"line":38,"column":35}}],"line":38},"4":{"loc":{"start":{"line":43,"column":4},"end":{"line":45,"column":5}},"type":"if","locations":[{"start":{"line":43,"column":4},"end":{"line":45,"column":5}},{"start":{"line":43,"column":4},"end":{"line":45,"column":5}}],"line":43},"5":{"loc":{"start":{"line":67,"column":4},"end":{"line":70,"column":5}},"type":"if","locations":[{"start":{"line":67,"column":4},"end":{"line":70,"column":5}},{"start":{"line":67,"column":4},"end":{"line":70,"column":5}}],"line":67},"6":{"loc":{"start":{"line":78,"column":4},"end":{"line":81,"column":5}},"type":"if","locations":[{"start":{"line":78,"column":4},"end":{"line":81,"column":5}},{"start":{"line":78,"column":4},"end":{"line":81,"column":5}}],"line":78},"7":{"loc":{"start":{"line":92,"column":4},"end":{"line":94,"column":5}},"type":"if","locations":[{"start":{"line":92,"column":4},"end":{"line":94,"column":5}},{"start":{"line":92,"column":4},"end":{"line":94,"column":5}}],"line":92},"8":{"loc":{"start":{"line":96,"column":4},"end":{"line":99,"column":5}},"type":"if","locations":[{"start":{"line":96,"column":4},"end":{"line":99,"column":5}},{"start":{"line":96,"column":4},"end":{"line":99,"column":5}}],"line":96},"9":{"loc":{"start":{"line":106,"column":6},"end":{"line":108,"column":7}},"type":"if","locations":[{"start":{"line":106,"column":6},"end":{"line":108,"column":7}},{"start":{"line":106,"column":6},"end":{"line":108,"column":7}}],"line":106},"10":{"loc":{"start":{"line":120,"column":4},"end":{"line":120,"column":29}},"type":"if","locations":[{"start":{"line":120,"column":4},"end":{"line":120,"column":29}},{"start":{"line":120,"column":4},"end":{"line":120,"column":29}}],"line":120},"11":{"loc":{"start":{"line":126,"column":4},"end":{"line":126,"column":29}},"type":"if","locations":[{"start":{"line":126,"column":4},"end":{"line":126,"column":29}},{"start":{"line":126,"column":4},"end":{"line":126,"column":29}}],"line":126},"12":{"loc":{"start":{"line":129,"column":11},"end":{"line":129,"column":52}},"type":"binary-expr","locations":[{"start":{"line":129,"column":11},"end":{"line":129,"column":22}},{"start":{"line":129,"column":26},"end":{"line":129,"column":52}}],"line":129},"13":{"loc":{"start":{"line":137,"column":4},"end":{"line":139,"column":5}},"type":"if","locations":[{"start":{"line":137,"column":4},"end":{"line":139,"column":5}},{"start":{"line":137,"column":4},"end":{"line":139,"column":5}}],"line":137},"14":{"loc":{"start":{"line":141,"column":4},"end":{"line":144,"column":5}},"type":"if","locations":[{"start":{"line":141,"column":4},"end":{"line":144,"column":5}},{"start":{"line":141,"column":4},"end":{"line":144,"column":5}}],"line":141},"15":{"loc":{"start":{"line":151,"column":6},"end":{"line":153,"column":7}},"type":"if","locations":[{"start":{"line":151,"column":6},"end":{"line":153,"column":7}},{"start":{"line":151,"column":6},"end":{"line":153,"column":7}}],"line":151}},"s":{"0":22,"1":22,"2":14,"3":1,"4":1,"5":1,"6":5,"7":5,"8":5,"9":1,"10":17,"11":17,"12":17,"13":1,"14":16,"15":1,"16":15,"17":7,"18":7,"19":15,"20":1,"21":14,"22":46,"23":19,"24":19,"25":19,"26":24,"27":24,"28":19,"29":10,"30":5,"31":5,"32":5,"33":5,"34":5,"35":11,"36":5,"37":5,"38":6,"39":6,"40":1,"41":6,"42":4,"43":1,"44":3,"45":1,"46":1,"47":2,"48":2,"49":2,"50":2,"51":2,"52":1,"53":1,"54":1,"55":1,"56":1,"57":1,"58":1,"59":5,"60":1,"61":4,"62":4,"63":2,"64":1,"65":1,"66":1,"67":1,"68":1,"69":1,"70":1,"71":4,"72":1,"73":3,"74":1,"75":1,"76":2,"77":2,"78":2,"79":2,"80":2,"81":1,"82":1,"83":1,"84":1,"85":1},"f":{"0":22,"1":14,"2":1,"3":17,"4":46,"5":19,"6":10,"7":11,"8":4,"9":5,"10":2,"11":4},"b":{"0":[4,1],"1":[1,16],"2":[1,15],"3":[22,21],"4":[1,14],"5":[5,5],"6":[5,6],"7":[1,3],"8":[1,2],"9":[1,1],"10":[1,4],"11":[1,1],"12":[2,2],"13":[1,3],"14":[1,2],"15":[1,1]},"_coverageSchema":"43e27e138ebf9cfc5966b082cf9a028302ed4184","hash":"4592c33f20c84ff8a5178f6395fccaafbcb40c07"}
}
