TN:
SF:/Users/dominic/Documents/Github/data-models/src/SingleLinkedList/constants.js
FNF:0
FNH:0
DA:1,1
DA:2,1
DA:3,1
DA:4,1
DA:5,1
DA:6,1
DA:7,1
LF:7
LH:7
BRF:0
BRH:0
end_of_record
TN:
SF:/Users/dominic/Documents/Github/data-models/src/SingleLinkedList/index.js
FN:4,(anonymous_0)
FN:11,(anonymous_1)
FN:15,(anonymous_2)
FN:28,(anonymous_3)
FN:50,(anonymous_4)
FN:54,(anonymous_5)
FN:66,(anonymous_6)
FN:77,(anonymous_7)
FN:91,(anonymous_8)
FN:119,(anonymous_9)
FN:125,(anonymous_10)
FN:136,(anonymous_11)
FNF:12
FNH:12
FNDA:22,(anonymous_0)
FNDA:14,(anonymous_1)
FNDA:1,(anonymous_2)
FNDA:17,(anonymous_3)
FNDA:46,(anonymous_4)
FNDA:19,(anonymous_5)
FNDA:10,(anonymous_6)
FNDA:11,(anonymous_7)
FNDA:4,(anonymous_8)
FNDA:5,(anonymous_9)
FNDA:2,(anonymous_10)
FNDA:4,(anonymous_11)
DA:5,22
DA:6,22
DA:12,14
DA:16,1
DA:17,1
DA:19,1
DA:20,5
DA:21,5
DA:22,5
DA:25,1
DA:29,17
DA:30,17
DA:32,17
DA:33,1
DA:34,16
DA:35,1
DA:38,15
DA:39,7
DA:40,7
DA:43,15
DA:44,1
DA:47,14
DA:51,46
DA:55,19
DA:56,19
DA:58,19
DA:59,24
DA:60,24
DA:63,19
DA:67,10
DA:68,5
DA:69,5
DA:72,5
DA:73,5
DA:74,5
DA:78,11
DA:79,5
DA:80,5
DA:83,6
DA:84,6
DA:85,1
DA:88,6
DA:92,4
DA:93,1
DA:96,3
DA:97,1
DA:98,1
DA:101,2
DA:102,2
DA:103,2
DA:105,2
DA:106,2
DA:107,1
DA:109,1
DA:110,1
DA:111,1
DA:114,1
DA:115,1
DA:116,1
DA:120,5
DA:121,4
DA:122,4
DA:126,2
DA:127,1
DA:128,1
DA:129,1
DA:130,1
DA:131,1
DA:133,1
DA:137,4
DA:138,1
DA:141,3
DA:142,1
DA:143,1
DA:146,2
DA:147,2
DA:148,2
DA:150,2
DA:151,2
DA:152,1
DA:154,1
DA:155,1
DA:156,1
DA:159,1
LF:84
LH:84
BRDA:20,0,0,4
BRDA:20,0,1,1
BRDA:32,1,0,1
BRDA:32,1,1,16
BRDA:34,2,0,1
BRDA:34,2,1,15
BRDA:38,3,0,22
BRDA:38,3,1,21
BRDA:43,4,0,1
BRDA:43,4,1,14
BRDA:67,5,0,5
BRDA:67,5,1,5
BRDA:78,6,0,5
BRDA:78,6,1,6
BRDA:92,7,0,1
BRDA:92,7,1,3
BRDA:96,8,0,1
BRDA:96,8,1,2
BRDA:106,9,0,1
BRDA:106,9,1,1
BRDA:120,10,0,1
BRDA:120,10,1,4
BRDA:126,11,0,1
BRDA:126,11,1,1
BRDA:129,12,0,2
BRDA:129,12,1,2
BRDA:137,13,0,1
BRDA:137,13,1,3
BRDA:141,14,0,1
BRDA:141,14,1,2
BRDA:151,15,0,1
BRDA:151,15,1,1
BRF:32
BRH:32
end_of_record
